# JRE version: Java(TM) SE Runtime Environment (8.0_211-b12) (build 1.8.0_211-b12)
# Java VM: Java HotSpot(TM) 64-Bit Server VM (25.211-b12 mixed mode windows-amd64 compressed oops)
Heap:
 PSYoungGen      total 98816K, used 14941K [0x000000076b300000, 0x0000000771b00000, 0x00000007c0000000)
  eden space 92160K, 9% used [0x000000076b300000,0x000000076bb77c90,0x0000000770d00000)
  from space 6656K, 94% used [0x0000000771380000,0x000000077199f7b8,0x0000000771a00000)
  to   space 6656K, 0% used [0x0000000770d00000,0x0000000770d00000,0x0000000771380000)
 ParOldGen       total 107520K, used 6007K [0x00000006c1800000, 0x00000006c8100000, 0x000000076b300000)
  object space 107520K, 5% used [0x00000006c1800000,0x00000006c1dddd20,0x00000006c8100000)
 Metaspace       used 34791K, capacity 35296K, committed 35496K, reserved 1079296K
  class space    used 4692K, capacity 4832K, committed 4864K, reserved 1048576K
GC Heap History (10 events):
Event: 2.395 GC heap before
{Heap before GC invocations=3 (full 0):
 PSYoungGen      total 76288K, used 55873K [0x000000076b300000, 0x0000000770800000, 0x00000007c0000000)
  eden space 65536K, 76% used [0x000000076b300000,0x000000076e3f2c88,0x000000076f300000)
  from space 10752K, 53% used [0x000000076fd80000,0x000000077031d7a8,0x0000000770800000)
  to   space 10752K, 0% used [0x000000076f300000,0x000000076f300000,0x000000076fd80000)
 ParOldGen       total 175104K, used 24K [0x00000006c1800000, 0x00000006cc300000, 0x000000076b300000)
  object space 175104K, 0% used [0x00000006c1800000,0x00000006c1806000,0x00000006cc300000)
 Metaspace       used 20857K, capacity 21208K, committed 21296K, reserved 1069056K
  class space    used 2547K, capacity 2656K, committed 2688K, reserved 1048576K
Event: 2.401 GC heap after
Heap after GC invocations=3 (full 0):
 PSYoungGen      total 76288K, used 6106K [0x000000076b300000, 0x0000000770800000, 0x00000007c0000000)
  eden space 65536K, 0% used [0x000000076b300000,0x000000076b300000,0x000000076f300000)
  from space 10752K, 56% used [0x000000076f300000,0x000000076f8f6af8,0x000000076fd80000)
  to   space 10752K, 0% used [0x000000076fd80000,0x000000076fd80000,0x0000000770800000)
 ParOldGen       total 175104K, used 96K [0x00000006c1800000, 0x00000006cc300000, 0x000000076b300000)
  object space 175104K, 0% used [0x00000006c1800000,0x00000006c1818010,0x00000006cc300000)
 Metaspace       used 20857K, capacity 21208K, committed 21296K, reserved 1069056K
  class space    used 2547K, capacity 2656K, committed 2688K, reserved 1048576K
}
Event: 2.401 GC heap before
{Heap before GC invocations=4 (full 1):
 PSYoungGen      total 76288K, used 6106K [0x000000076b300000, 0x0000000770800000, 0x00000007c0000000)
  eden space 65536K, 0% used [0x000000076b300000,0x000000076b300000,0x000000076f300000)
  from space 10752K, 56% used [0x000000076f300000,0x000000076f8f6af8,0x000000076fd80000)
  to   space 10752K, 0% used [0x000000076fd80000,0x000000076fd80000,0x0000000770800000)
 ParOldGen       total 175104K, used 96K [0x00000006c1800000, 0x00000006cc300000, 0x000000076b300000)
  object space 175104K, 0% used [0x00000006c1800000,0x00000006c1818010,0x00000006cc300000)
 Metaspace       used 20857K, capacity 21208K, committed 21296K, reserved 1069056K
  class space    used 2547K, capacity 2656K, committed 2688K, reserved 1048576K
Event: 2.429 GC heap after
Heap after GC invocations=4 (full 1):
 PSYoungGen      total 76288K, used 0K [0x000000076b300000, 0x0000000770800000, 0x00000007c0000000)
  eden space 65536K, 0% used [0x000000076b300000,0x000000076b300000,0x000000076f300000)
  from space 10752K, 0% used [0x000000076f300000,0x000000076f300000,0x000000076fd80000)
  to   space 10752K, 0% used [0x000000076fd80000,0x000000076fd80000,0x0000000770800000)
 ParOldGen       total 107520K, used 5983K [0x00000006c1800000, 0x00000006c8100000, 0x000000076b300000)
  object space 107520K, 5% used [0x00000006c1800000,0x00000006c1dd7d20,0x00000006c8100000)
 Metaspace       used 20857K, capacity 21208K, committed 21296K, reserved 1069056K
  class space    used 2547K, capacity 2656K, committed 2688K, reserved 1048576K
}
Event: 3.089 GC heap before
{Heap before GC invocations=5 (full 1):
 PSYoungGen      total 76288K, used 65536K [0x000000076b300000, 0x0000000770800000, 0x00000007c0000000)
  eden space 65536K, 100% used [0x000000076b300000,0x000000076f300000,0x000000076f300000)
  from space 10752K, 0% used [0x000000076f300000,0x000000076f300000,0x000000076fd80000)
  to   space 10752K, 0% used [0x000000076fd80000,0x000000076fd80000,0x0000000770800000)
 ParOldGen       total 107520K, used 5983K [0x00000006c1800000, 0x00000006c8100000, 0x000000076b300000)
  object space 107520K, 5% used [0x00000006c1800000,0x00000006c1dd7d20,0x00000006c8100000)
 Metaspace       used 25991K, capacity 26414K, committed 26624K, reserved 1073152K
  class space    used 3377K, capacity 3511K, committed 3584K, reserved 1048576K
Event: 3.092 GC heap after
Heap after GC invocations=5 (full 1):
 PSYoungGen      total 76288K, used 5137K [0x000000076b300000, 0x0000000772380000, 0x00000007c0000000)
  eden space 65536K, 0% used [0x000000076b300000,0x000000076b300000,0x000000076f300000)
  from space 10752K, 47% used [0x000000076fd80000,0x0000000770284460,0x0000000770800000)
  to   space 10752K, 0% used [0x000000076f300000,0x000000076f300000,0x000000076fd80000)
 ParOldGen       total 107520K, used 5991K [0x00000006c1800000, 0x00000006c8100000, 0x000000076b300000)
  object space 107520K, 5% used [0x00000006c1800000,0x00000006c1dd9d20,0x00000006c8100000)
 Metaspace       used 25991K, capacity 26414K, committed 26624K, reserved 1073152K
  class space    used 3377K, capacity 3511K, committed 3584K, reserved 1048576K
}
Event: 3.810 GC heap before
{Heap before GC invocations=6 (full 1):
 PSYoungGen      total 76288K, used 70673K [0x000000076b300000, 0x0000000772380000, 0x00000007c0000000)
  eden space 65536K, 100% used [0x000000076b300000,0x000000076f300000,0x000000076f300000)
  from space 10752K, 47% used [0x000000076fd80000,0x0000000770284460,0x0000000770800000)
  to   space 10752K, 0% used [0x000000076f300000,0x000000076f300000,0x000000076fd80000)
 ParOldGen       total 107520K, used 5991K [0x00000006c1800000, 0x00000006c8100000, 0x000000076b300000)
  object space 107520K, 5% used [0x00000006c1800000,0x00000006c1dd9d20,0x00000006c8100000)
 Metaspace       used 31048K, capacity 31520K, committed 31872K, reserved 1077248K
  class space    used 4024K, capacity 4166K, committed 4224K, reserved 1048576K
Event: 3.814 GC heap after
Heap after GC invocations=6 (full 1):
 PSYoungGen      total 76288K, used 5401K [0x000000076b300000, 0x0000000771a00000, 0x00000007c0000000)
  eden space 65536K, 0% used [0x000000076b300000,0x000000076b300000,0x000000076f300000)
  from space 10752K, 50% used [0x000000076f300000,0x000000076f846728,0x000000076fd80000)
  to   space 6656K, 0% used [0x0000000771380000,0x0000000771380000,0x0000000771a00000)
 ParOldGen       total 107520K, used 5999K [0x00000006c1800000, 0x00000006c8100000, 0x000000076b300000)
  object space 107520K, 5% used [0x00000006c1800000,0x00000006c1ddbd20,0x00000006c8100000)
 Metaspace       used 31048K, capacity 31520K, committed 31872K, reserved 1077248K
  class space    used 4024K, capacity 4166K, committed 4224K, reserved 1048576K
}
Event: 4.489 GC heap before
{Heap before GC invocations=7 (full 1):
 PSYoungGen      total 76288K, used 70937K [0x000000076b300000, 0x0000000771a00000, 0x00000007c0000000)
  eden space 65536K, 100% used [0x000000076b300000,0x000000076f300000,0x000000076f300000)
  from space 10752K, 50% used [0x000000076f300000,0x000000076f846728,0x000000076fd80000)
  to   space 6656K, 0% used [0x0000000771380000,0x0000000771380000,0x0000000771a00000)
 ParOldGen       total 107520K, used 5999K [0x00000006c1800000, 0x00000006c8100000, 0x000000076b300000)
  object space 107520K, 5% used [0x00000006c1800000,0x00000006c1ddbd20,0x00000006c8100000)
 Metaspace       used 34638K, capacity 35148K, committed 35496K, reserved 1079296K
  class space    used 4672K, capacity 4826K, committed 4864K, reserved 1048576K
Event: 4.496 GC heap after
Heap after GC invocations=7 (full 1):
 PSYoungGen      total 98816K, used 6269K [0x000000076b300000, 0x0000000771b00000, 0x00000007c0000000)
  eden space 92160K, 0% used [0x000000076b300000,0x000000076b300000,0x0000000770d00000)
  from space 6656K, 94% used [0x0000000771380000,0x000000077199f7b8,0x0000000771a00000)
  to   space 6656K, 0% used [0x0000000770d00000,0x0000000770d00000,0x0000000771380000)
 ParOldGen       total 107520K, used 6007K [0x00000006c1800000, 0x00000006c8100000, 0x000000076b300000)
  object space 107520K, 5% used [0x00000006c1800000,0x00000006c1dddd20,0x00000006c8100000)
 Metaspace       used 34638K, capacity 35148K, committed 35496K, reserved 1079296K
  class space    used 4672K, capacity 4826K, committed 4864K, reserved 1048576K
}

